2020-06-27T03:54:42+00:00 CRITICAL Uncaught InvalidArgumentException: Hành động không xác định 224 in /var/www/vhosts/homepower.vn/httpdocs/wp-content/plugins/woocommerce/packages/action-scheduler/classes/data-stores/ActionScheduler_DBStore.php:458
Stack trace:
#0 /var/www/vhosts/homepower.vn/httpdocs/wp-content/plugins/woocommerce/packages/action-scheduler/classes/data-stores/ActionScheduler_HybridStore.php(267): ActionScheduler_DBStore->cancel_action('224')
#1 /var/www/vhosts/homepower.vn/httpdocs/wp-content/plugins/woocommerce/packages/action-scheduler/classes/abstracts/ActionScheduler_Store.php(290): ActionScheduler_HybridStore->cancel_action('224')
#2 /var/www/vhosts/homepower.vn/httpdocs/wp-content/plugins/woocommerce/packages/action-scheduler/classes/abstracts/ActionScheduler_Store.php(251): ActionScheduler_Store->bulk_cancel_actions(Array)
#3 /var/www/vhosts/homepower.vn/httpdocs/wp-content/plugins/woocommerce/packages/action-scheduler/functions.php(136): ActionScheduler_Store->cancel_actions_by_hook('wc_facebook_reg...')
#4 / in /var/www/vhosts/homepower.vn/httpdocs/wp-content/plugins/woocommerce/packages/action-scheduler/classes/data-stores/ActionScheduler_DBStore.php on line 458

2020-06-27T04:55:14+00:00 CRITICAL Uncaught InvalidArgumentException: Hành động không xác định 236 in /var/www/vhosts/homepower.vn/httpdocs/wp-content/plugins/woocommerce/packages/action-scheduler/classes/data-stores/ActionScheduler_DBStore.php:458
Stack trace:
#0 /var/www/vhosts/homepower.vn/httpdocs/wp-content/plugins/woocommerce/packages/action-scheduler/classes/data-stores/ActionScheduler_HybridStore.php(267): ActionScheduler_DBStore->cancel_action('236')
#1 /var/www/vhosts/homepower.vn/httpdocs/wp-content/plugins/woocommerce/packages/action-scheduler/classes/abstracts/ActionScheduler_Store.php(290): ActionScheduler_HybridStore->cancel_action('236')
#2 /var/www/vhosts/homepower.vn/httpdocs/wp-content/plugins/woocommerce/packages/action-scheduler/classes/abstracts/ActionScheduler_Store.php(251): ActionScheduler_Store->bulk_cancel_actions(Array)
#3 /var/www/vhosts/homepower.vn/httpdocs/wp-content/plugins/woocommerce/packages/action-scheduler/functions.php(136): ActionScheduler_Store->cancel_actions_by_hook('wc_facebook_reg...')
#4 / in /var/www/vhosts/homepower.vn/httpdocs/wp-content/plugins/woocommerce/packages/action-scheduler/classes/data-stores/ActionScheduler_DBStore.php on line 458

2020-06-27T04:55:14+00:00 CRITICAL Uncaught InvalidArgumentException: Hành động không xác định 236 in /var/www/vhosts/homepower.vn/httpdocs/wp-content/plugins/woocommerce/packages/action-scheduler/classes/data-stores/ActionScheduler_DBStore.php:458
Stack trace:
#0 /var/www/vhosts/homepower.vn/httpdocs/wp-content/plugins/woocommerce/packages/action-scheduler/classes/data-stores/ActionScheduler_HybridStore.php(267): ActionScheduler_DBStore->cancel_action('236')
#1 /var/www/vhosts/homepower.vn/httpdocs/wp-content/plugins/woocommerce/packages/action-scheduler/classes/abstracts/ActionScheduler_Store.php(290): ActionScheduler_HybridStore->cancel_action('236')
#2 /var/www/vhosts/homepower.vn/httpdocs/wp-content/plugins/woocommerce/packages/action-scheduler/classes/abstracts/ActionScheduler_Store.php(251): ActionScheduler_Store->bulk_cancel_actions(Array)
#3 /var/www/vhosts/homepower.vn/httpdocs/wp-content/plugins/woocommerce/packages/action-scheduler/functions.php(136): ActionScheduler_Store->cancel_actions_by_hook('wc_facebook_reg...')
#4 / in /var/www/vhosts/homepower.vn/httpdocs/wp-content/plugins/woocommerce/packages/action-scheduler/classes/data-stores/ActionScheduler_DBStore.php on line 458

2020-06-27T04:55:14+00:00 CRITICAL Uncaught InvalidArgumentException: Hành động không xác định 236 in /var/www/vhosts/homepower.vn/httpdocs/wp-content/plugins/woocommerce/packages/action-scheduler/classes/data-stores/ActionScheduler_DBStore.php:458
Stack trace:
#0 /var/www/vhosts/homepower.vn/httpdocs/wp-content/plugins/woocommerce/packages/action-scheduler/classes/data-stores/ActionScheduler_HybridStore.php(267): ActionScheduler_DBStore->cancel_action('236')
#1 /var/www/vhosts/homepower.vn/httpdocs/wp-content/plugins/woocommerce/packages/action-scheduler/classes/abstracts/ActionScheduler_Store.php(290): ActionScheduler_HybridStore->cancel_action('236')
#2 /var/www/vhosts/homepower.vn/httpdocs/wp-content/plugins/woocommerce/packages/action-scheduler/classes/abstracts/ActionScheduler_Store.php(251): ActionScheduler_Store->bulk_cancel_actions(Array)
#3 /var/www/vhosts/homepower.vn/httpdocs/wp-content/plugins/woocommerce/packages/action-scheduler/functions.php(136): ActionScheduler_Store->cancel_actions_by_hook('wc_facebook_reg...')
#4 / in /var/www/vhosts/homepower.vn/httpdocs/wp-content/plugins/woocommerce/packages/action-scheduler/classes/data-stores/ActionScheduler_DBStore.php on line 458

